.next/dev/types/validator.ts(468,31): error TS2344: Type 'typeof import("/Users/andressamirella/Documents/PROJETOS EM PYTHON/SISTEMA_NOTAS_CETEP/src/app/api/estudantes/[id]/route")' does not satisfy the constraint 'RouteHandlerConfig<"/api/estudantes/[id]">'.
  Types of property 'PUT' are incompatible.
    Type '(request: NextRequest, { params }: { params: { id: string; }; }) => Promise<NextResponse<{ nome: string; createdAt: Date; updatedAt: Date; matricula: string; turmaId: string; }> | NextResponse<...>>' is not assignable to type '(request: NextRequest, context: { params: Promise<{ id: string; }>; }) => void | Response | Promise<void | Response>'.
      Types of parameters '__1' and 'context' are incompatible.
        Type '{ params: Promise<{ id: string; }>; }' is not assignable to type '{ params: { id: string; }; }'.
          Types of property 'params' are incompatible.
            Property 'id' is missing in type 'Promise<{ id: string; }>' but required in type '{ id: string; }'.
check_grades.ts(27,49): error TS2339: Property 'id' does not exist on type '{ nome: string; createdAt: Date; updatedAt: Date; matricula: string; turmaId: string; }'.
check_grades.ts(31,35): error TS2339: Property 'id' does not exist on type '{ nome: string; createdAt: Date; updatedAt: Date; matricula: string; turmaId: string; }'.
debug-db.ts(3,26): error TS2307: Cannot find module '@prisma/adapter-pg' or its corresponding type declarations.
debug-db.ts(4,22): error TS2307: Cannot find module 'pg' or its corresponding type declarations.
next.config.ts(5,5): error TS2353: Object literal may only specify known properties, and 'allowedDevOrigins' does not exist in type 'ExperimentalConfig'.
prisma.config.ts(13,5): error TS2322: Type 'string | undefined' is not assignable to type 'string'.
  Type 'undefined' is not assignable to type 'string'.
prisma/fix-matriculas.ts(10,11): error TS2322: Type 'null' is not assignable to type 'string | StringFilter<"Estudante"> | undefined'.
prisma/fix-matriculas.ts(21,16): error TS2353: Object literal may only specify known properties, and 'id' does not exist in type 'EstudanteWhereUniqueInput'.
prisma/fix-matriculas.ts(21,32): error TS2339: Property 'id' does not exist on type '{ nome: string; createdAt: Date; updatedAt: Date; matricula: string; turmaId: string; }'.
prisma/migrate-from-django.ts(11,26): error TS2307: Cannot find module '@prisma/adapter-pg' or its corresponding type declarations.
prisma/migrate-from-django.ts(12,22): error TS2307: Cannot find module 'pg' or its corresponding type declarations.
prisma/migrate-from-django.ts(117,11): error TS2322: Type '{ nome: any; turmaId: string; }' is not assignable to type '(Without<EstudanteCreateInput, EstudanteUncheckedCreateInput> & EstudanteUncheckedCreateInput) | (Without<...> & EstudanteCreateInput)'.
  Type '{ nome: any; turmaId: string; }' is not assignable to type 'Without<EstudanteCreateInput, EstudanteUncheckedCreateInput> & EstudanteUncheckedCreateInput'.
    Property 'matricula' is missing in type '{ nome: any; turmaId: string; }' but required in type 'EstudanteUncheckedCreateInput'.
prisma/migrate-from-django.ts(122,58): error TS2339: Property 'id' does not exist on type '{ nome: string; createdAt: Date; updatedAt: Date; matricula: string; turmaId: string; }'.
prisma/seed-portugues.ts(4,26): error TS2307: Cannot find module '@prisma/adapter-pg' or its corresponding type declarations.
prisma/seed-portugues.ts(5,22): error TS2307: Cannot find module 'pg' or its corresponding type declarations.
prisma/seed.ts(3,26): error TS2307: Cannot find module '@prisma/adapter-pg' or its corresponding type declarations.
prisma/seed.ts(4,22): error TS2307: Cannot find module 'pg' or its corresponding type declarations.
scripts/seed-questions.ts(3,26): error TS2307: Cannot find module '@prisma/adapter-pg' or its corresponding type declarations.
scripts/seed-questions.ts(4,22): error TS2307: Cannot find module 'pg' or its corresponding type declarations.
