[2026-02-16T23:05:20.598Z] API hit: /api/notas/lancar
[2026-02-16T23:05:20.679Z] logAudit: cmla8zygs0000vhycjdhwsldn NOTA UPDATE seed_lasde0140ml8amrw5
[2026-02-16T23:05:20.688Z] logAudit: cmla8zygs0000vhycjdhwsldn NOTA UPDATE seed_yp3eztl6tml8amryt
[2026-02-16T23:05:20.689Z] logAudit: cmla8zygs0000vhycjdhwsldn NOTA UPDATE seed_6i0fqjgfxml8ams1f
[2026-02-16T23:05:20.689Z] logAudit: cmla8zygs0000vhycjdhwsldn NOTA UPDATE seed_vwwsv3yqcml8amrzw
[2026-02-16T23:05:20.689Z] logAudit: cmla8zygs0000vhycjdhwsldn NOTA UPDATE seed_c2j1gajbfml8ams0v
[2026-02-16T23:05:20.690Z] logAudit: cmla8zygs0000vhycjdhwsldn NOTA UPDATE seed_776upqutoml8amryy
[2026-02-16T23:05:20.690Z] logAudit: cmla8zygs0000vhycjdhwsldn NOTA UPDATE seed_t0bll8nylml8ams18
[2026-02-16T23:05:20.690Z] logAudit: cmla8zygs0000vhycjdhwsldn NOTA UPDATE seed_ofy19w3jvml8amrz4
[2026-02-16T23:05:20.691Z] logAudit: cmla8zygs0000vhycjdhwsldn NOTA UPDATE seed_hkb4p50udml8ams1k
[2026-02-16T23:05:20.691Z] logAudit: cmla8zygs0000vhycjdhwsldn NOTA UPDATE seed_bi9ivgpapml8amrzr
[2026-02-16T23:05:20.691Z] logAudit: cmla8zygs0000vhycjdhwsldn NOTA UPDATE seed_uy94yqhupml8ams0e
[2026-02-16T23:05:20.692Z] logAudit: cmla8zygs0000vhycjdhwsldn NOTA UPDATE seed_nj8c1bkmmml8amrza
[2026-02-16T23:05:20.692Z] logAudit: cmla8zygs0000vhycjdhwsldn NOTA UPDATE seed_vkpvv3we5ml8ams1q
[2026-02-16T23:05:20.692Z] logAudit: cmla8zygs0000vhycjdhwsldn NOTA UPDATE seed_0s2hymnkmml8ams1u
[2026-02-16T23:05:20.693Z] logAudit: cmla8zygs0000vhycjdhwsldn NOTA UPDATE seed_bdcvgkzi5ml8ams20
[2026-02-16T23:05:20.693Z] logAudit: cmla8zygs0000vhycjdhwsldn NOTA UPDATE seed_4x84rjshjml8ams28
[2026-02-16T23:05:20.694Z] logAudit: cmla8zygs0000vhycjdhwsldn NOTA UPDATE seed_tae4vjme4ml8ams2d
[2026-02-16T23:05:20.694Z] logAudit: cmla8zygs0000vhycjdhwsldn NOTA UPDATE seed_kewp7tqylml8amrwf
[2026-02-16T23:05:20.694Z] logAudit: cmla8zygs0000vhycjdhwsldn NOTA UPDATE seed_bmtaxezo9ml8amrxl
[2026-02-16T23:05:20.694Z] logAudit: cmla8zygs0000vhycjdhwsldn NOTA UPDATE seed_bufrvwd9fml8amrvv
[2026-02-16T23:05:20.695Z] logAudit: cmla8zygs0000vhycjdhwsldn NOTA UPDATE seed_9i841hip3ml8ams24
[2026-02-16T23:05:20.695Z] logAudit: cmla8zygs0000vhycjdhwsldn NOTA UPDATE seed_mff4aoxn3ml8ams2h
[2026-02-16T23:05:20.695Z] logAudit: cmla8zygs0000vhycjdhwsldn NOTA UPDATE seed_esd9exv12ml8ams2l
[2026-02-16T23:05:20.696Z] logAudit: cmla8zygs0000vhycjdhwsldn NOTA UPDATE seed_p344fecyyml8ams2o
[2026-02-16T23:05:20.696Z] logAudit: cmla8zygs0000vhycjdhwsldn NOTA UPDATE seed_2ovqqep6yml8amrxb
[2026-02-16T23:05:20.696Z] logAudit: cmla8zygs0000vhycjdhwsldn NOTA UPDATE seed_zu4b6oehzml8amrxv
[2026-02-16T23:05:20.696Z] logAudit: cmla8zygs0000vhycjdhwsldn NOTA UPDATE seed_t4xreunh2ml8amrwm
[2026-02-16T23:05:20.697Z] logAudit: cmla8zygs0000vhycjdhwsldn NOTA UPDATE seed_iuk3csrzlml8amrzk
[2026-02-16T23:05:20.697Z] logAudit: cmla8zygs0000vhycjdhwsldn NOTA UPDATE seed_houd7t6bfml8ams0k
[2026-02-16T23:05:20.697Z] logAudit: cmla8zygs0000vhycjdhwsldn NOTA UPDATE seed_j3h8p6mcvml8ams02
[2026-02-16T23:05:20.698Z] logAudit: cmla8zygs0000vhycjdhwsldn NOTA UPDATE seed_fdjs1np55ml8amrx3
[2026-02-16T23:05:20.698Z] logAudit: cmla8zygs0000vhycjdhwsldn NOTA UPDATE seed_oqtt8j344ml8amry2
[2026-02-16T23:05:20.699Z] logAudit: cmla8zygs0000vhycjdhwsldn NOTA UPDATE seed_irrxyqootml8amryg
[2026-02-16T23:05:20.699Z] logAudit: cmla8zygs0000vhycjdhwsldn NOTA UPDATE seed_jppff8tlhml8amrym
[2026-02-16T23:05:20.699Z] logAudit: cmla8zygs0000vhycjdhwsldn NOTA UPDATE seed_oemtbzz72ml8amry9
